<?xml version="1.0" encoding="UTF-8"?>
<!-- Generated by org.testng.reporters.JUnitReportReporter -->
<testsuite hostname="DESKTOP-GC5HGKU" failures="0" tests="2" name="All_test_classes.demo1" time="0.019" errors="0" timestamp="2022-11-25T12:12:05 IST" skipped="0">
  <testcase classname="All_test_classes.demo1" name="TC1" time="0.017"/>
  <system-out>
    <![CDATA[running test case1]]>
  </system-out>
  <testcase classname="All_test_classes.demo1" name="TC2" time="0.002"/>
  <system-out>
    <![CDATA[running test case2]]>
  </system-out>
</testsuite> <!-- All_test_classes.demo1 -->
