<?xml version="1.0" encoding="UTF-8"?>
<!-- Generated by org.testng.reporters.JUnitReportReporter -->
<testsuite hostname="DESKTOP-GC5HGKU" failures="0" tests="3" name="All_test_classes.demo3$demo1" time="0.017" errors="0" timestamp="2022-11-25T12:06:09 IST" skipped="0">
  <testcase classname="All_test_classes.demo3$demo1" name="TC8" time="0.009"/>
  <system-out>
    <![CDATA[running test case8]]>
  </system-out>
  <testcase classname="All_test_classes.demo3$demo1" name="TC7" time="0.003"/>
  <system-out>
    <![CDATA[running test case7]]>
  </system-out>
  <testcase classname="All_test_classes.demo3$demo1" name="TC9" time="0.005"/>
  <system-out>
    <![CDATA[running test case9]]>
  </system-out>
</testsuite> <!-- All_test_classes.demo3$demo1 -->
