<?xml version="1.0" encoding="UTF-8"?>
<!-- Generated by org.testng.reporters.JUnitReportReporter -->
<testsuite hostname="DESKTOP-GC5HGKU" failures="0" tests="3" name="All_test_classes.demo2$demo1" time="0.008" errors="0" timestamp="2022-11-25T12:06:09 IST" skipped="0">
  <testcase classname="All_test_classes.demo2$demo1" name="TC6" time="0.002"/>
  <system-out>
    <![CDATA[running test case6]]>
  </system-out>
  <testcase classname="All_test_classes.demo2$demo1" name="TC5" time="0.003"/>
  <system-out>
    <![CDATA[running test case5]]>
  </system-out>
  <testcase classname="All_test_classes.demo2$demo1" name="TC4" time="0.003"/>
  <system-out>
    <![CDATA[running test case4]]>
  </system-out>
</testsuite> <!-- All_test_classes.demo2$demo1 -->
